<?xml version="1.0" encoding="UTF-8"?>
<!-- Generated by org.testng.reporters.JUnitReportReporter -->
<testsuite hostname="DESKTOP-ROSOU9E" failures="0" tests="1" name="example.NewTest" time="12.588" errors="0" timestamp="3 May 2021 15:11:43 GMT">
  <testcase classname="example.NewTest" name="f" time="12.588"/>
</testsuite> <!-- example.NewTest -->
